# JRE version: OpenJDK Runtime Environment (11.0.4+11) (build 11.0.4+11-post-Ubuntu-1ubuntu218.04.3)
# Java VM: OpenJDK 64-Bit Server VM (11.0.4+11-post-Ubuntu-1ubuntu218.04.3, mixed mode, sharing, tiered, compressed oops, g1 gc, linux-amd64)
Heap:
 garbage-first heap   total 612352K, used 27697K [0x0000000707400000, 0x0000000800000000)
  region size 1024K, 2 young (2048K), 2 survivors (2048K)
 Metaspace       used 19136K, capacity 19734K, committed 19840K, reserved 1067008K
  class space    used 2180K, capacity 2384K, committed 2432K, reserved 1048576K
GC Heap History (10 events):
Event: 4.735 GC heap after
{Heap after GC invocations=2 (full 0):
 garbage-first heap   total 258048K, used 4721K [0x0000000707400000, 0x0000000800000000)
  region size 1024K, 1 young (1024K), 1 survivors (1024K)
 Metaspace       used 8390K, capacity 8753K, committed 8960K, reserved 1056768K
  class space    used 1013K, capacity 1159K, committed 1280K, reserved 1048576K
}
Event: 6.171 GC heap before
{Heap before GC invocations=2 (full 0):
 garbage-first heap   total 258048K, used 30321K [0x0000000707400000, 0x0000000800000000)
  region size 1024K, 26 young (26624K), 1 survivors (1024K)
 Metaspace       used 11767K, capacity 12138K, committed 12416K, reserved 1060864K
  class space    used 1438K, capacity 1622K, committed 1664K, reserved 1048576K
}
Event: 6.183 GC heap after
{Heap after GC invocations=3 (full 0):
 garbage-first heap   total 258048K, used 5745K [0x0000000707400000, 0x0000000800000000)
  region size 1024K, 2 young (2048K), 2 survivors (2048K)
 Metaspace       used 11767K, capacity 12138K, committed 12416K, reserved 1060864K
  class space    used 1438K, capacity 1622K, committed 1664K, reserved 1048576K
}
Event: 8.047 GC heap before
{Heap before GC invocations=3 (full 0):
 garbage-first heap   total 258048K, used 43633K [0x0000000707400000, 0x0000000800000000)
  region size 1024K, 39 young (39936K), 2 survivors (2048K)
 Metaspace       used 16555K, capacity 16974K, committed 17408K, reserved 1064960K
  class space    used 1987K, capacity 2179K, committed 2304K, reserved 1048576K
}
Event: 8.059 GC heap after
{Heap after GC invocations=4 (full 0):
 garbage-first heap   total 258048K, used 8215K [0x0000000707400000, 0x0000000800000000)
  region size 1024K, 5 young (5120K), 5 survivors (5120K)
 Metaspace       used 16555K, capacity 16974K, committed 17408K, reserved 1064960K
  class space    used 1987K, capacity 2179K, committed 2304K, reserved 1048576K
}
Event: 9.439 GC heap before
{Heap before GC invocations=4 (full 0):
 garbage-first heap   total 258048K, used 62487K [0x0000000707400000, 0x0000000800000000)
  region size 1024K, 58 young (59392K), 5 survivors (5120K)
 Metaspace       used 18297K, capacity 18931K, committed 19072K, reserved 1067008K
  class space    used 2151K, capacity 2374K, committed 2432K, reserved 1048576K
}
Event: 9.474 GC heap after
{Heap after GC invocations=5 (full 0):
 garbage-first heap   total 258048K, used 13673K [0x0000000707400000, 0x0000000800000000)
  region size 1024K, 8 young (8192K), 8 survivors (8192K)
 Metaspace       used 18297K, capacity 18931K, committed 19072K, reserved 1067008K
  class space    used 2151K, capacity 2374K, committed 2432K, reserved 1048576K
}
Event: 33.081 GC heap before
{Heap before GC invocations=5 (full 0):
 garbage-first heap   total 258048K, used 159081K [0x0000000707400000, 0x0000000800000000)
  region size 1024K, 150 young (153600K), 8 survivors (8192K)
 Metaspace       used 19126K, capacity 19734K, committed 19840K, reserved 1067008K
  class space    used 2179K, capacity 2384K, committed 2432K, reserved 1048576K
}
Event: 37.112 GC heap after
{Heap after GC invocations=6 (full 0):
 garbage-first heap   total 258048K, used 26001K [0x0000000707400000, 0x0000000800000000)
  region size 1024K, 19 young (19456K), 19 survivors (19456K)
 Metaspace       used 19126K, capacity 19734K, committed 19840K, reserved 1067008K
  class space    used 2179K, capacity 2384K, committed 2432K, reserved 1048576K
}
Event: 67.064 GC heap before
{Heap before GC invocations=6 (full 0):
 garbage-first heap   total 258048K, used 27025K [0x0000000707400000, 0x0000000800000000)
  region size 1024K, 20 young (20480K), 19 survivors (19456K)
 Metaspace       used 19136K, capacity 19734K, committed 19840K, reserved 1067008K
  class space    used 2180K, capacity 2384K, committed 2432K, reserved 1048576K
}

